<?xml version="1.0" encoding="UTF-8"?>
<!-- Generated by org.testng.reporters.JUnitReportReporter -->
<testsuite hostname="DESKTOP-7GBIBLN" failures="0" tests="2" name="rahulshettyacademy.TestDemo2" time="35.135" errors="0" timestamp="2024-02-10T16:35:45 IST" skipped="0">
  <testcase classname="rahulshettyacademy.TestDemo2" name="titleCheckGoogle" time="11.774"/>
  <testcase classname="rahulshettyacademy.TestDemo2" name="titleCheckGoogle" time="23.361"/>
</testsuite> <!-- rahulshettyacademy.TestDemo2 -->
